  main.cpp
f:\trinity\semester2\realtimeanimaiton\assignment1\anime_assignment1\anime_assignment1\camera.h(25): warning C4305: 'initializing': truncation from 'double' to 'float'
f:\trinity\semester2\realtimeanimaiton\assignment1\anime_assignment1\anime_assignment1\camera.h(26): warning C4305: 'initializing': truncation from 'double' to 'float'
f:\trinity\semester2\realtimeanimaiton\assignment1\anime_assignment1\anime_assignment1\camera.h(27): warning C4305: 'initializing': truncation from 'double' to 'float'
f:\trinity\semester2\realtimeanimaiton\assignment1\anime_assignment1\anime_assignment1\camera.h(28): warning C4305: 'initializing': truncation from 'double' to 'float'
f:\trinity\semester2\realtimeanimaiton\assignment1\anime_assignment1\anime_assignment1\camera.h(29): warning C4305: 'initializing': truncation from 'double' to 'float'
f:\trinity\semester2\realtimeanimaiton\assignment1\anime_assignment1\anime_assignment1\main.cpp(283): warning C4244: 'argument': conversion from 'double' to 'float', possible loss of data
f:\trinity\semester2\realtimeanimaiton\assignment1\anime_assignment1\anime_assignment1\main.cpp(512): warning C4244: 'initializing': conversion from 'double' to 'float', possible loss of data
f:\trinity\semester2\realtimeanimaiton\assignment1\anime_assignment1\anime_assignment1\main.cpp(523): warning C4244: 'initializing': conversion from 'double' to 'float', possible loss of data
LINK : warning LNK4098: defaultlib 'LIBCMT' conflicts with use of other libs; use /NODEFAULTLIB:library
  Generating code
  1 of 978 functions ( 0.1%) were compiled, the rest were copied from previous compilation.
    0 functions were new in current compilation
    0 functions had inline decision re-evaluated but remain unchanged
  Finished generating code
Mesh.obj : warning LNK4049: locally defined symbol ___glewGenBuffers imported
Mesh.obj : warning LNK4049: locally defined symbol ___glewGenVertexArrays imported
Mesh.obj : warning LNK4049: locally defined symbol ___glewActiveTexture imported
Mesh.obj : warning LNK4049: locally defined symbol ___glewBufferData imported
Mesh.obj : warning LNK4049: locally defined symbol ___glewBindBuffer imported
Mesh.obj : warning LNK4049: locally defined symbol ___glewVertexAttribPointer imported
Mesh.obj : warning LNK4049: locally defined symbol ___glewBindVertexArray imported
Mesh.obj : warning LNK4049: locally defined symbol ___glewEnableVertexAttribArray imported
Model.obj : warning LNK4049: locally defined symbol ___glewGenerateMipmap imported
Shader.obj : warning LNK4049: locally defined symbol ___glewLinkProgram imported
Shader.obj : warning LNK4049: locally defined symbol ___glewDeleteShader imported
Shader.obj : warning LNK4049: locally defined symbol ___glewUniform3f imported
Shader.obj : warning LNK4049: locally defined symbol ___glewGetProgramInfoLog imported
Shader.obj : warning LNK4049: locally defined symbol ___glewUniformMatrix4fv imported
Shader.obj : warning LNK4049: locally defined symbol ___glewShaderSource imported
Shader.obj : warning LNK4049: locally defined symbol ___glewAttachShader imported
Shader.obj : warning LNK4049: locally defined symbol ___glewGetUniformLocation imported
Shader.obj : warning LNK4049: locally defined symbol ___glewUniform1f imported
Shader.obj : warning LNK4049: locally defined symbol ___glewGetProgramiv imported
Shader.obj : warning LNK4049: locally defined symbol ___glewGetShaderInfoLog imported
Shader.obj : warning LNK4049: locally defined symbol ___glewUniform1i imported
Shader.obj : warning LNK4049: locally defined symbol ___glewCreateProgram imported
Shader.obj : warning LNK4049: locally defined symbol ___glewCreateShader imported
Shader.obj : warning LNK4049: locally defined symbol ___glewCompileShader imported
Shader.obj : warning LNK4049: locally defined symbol ___glewGetShaderiv imported
Shader.obj : warning LNK4049: locally defined symbol ___glewUseProgram imported
glew32s.lib(glew.obj) : warning LNK4099: PDB 'vc120.pdb' was not found with 'glew32s.lib(glew.obj)' or at 'F:\Trinity\Semester2\RealtimeAnimaiton\Assignment1\Anime_Assignment1\Release\vc120.pdb'; linking object as if no debug info
  Anime_Assignment1.vcxproj -> F:\Trinity\Semester2\RealtimeAnimaiton\Assignment1\Anime_Assignment1\Release\Anime_Assignment1.exe
